Build started 5/30/2013 9:09:53 PM.
     1>Project "C:\Users\Bennettbugs\Game_Development\Retro Girl Saves Pixel Boy\Retro Girl Saves Pixel Boy\Retro Girl Saves Pixel Boy.vcxproj" on node 2 (build target(s)).
     1>InitializeBuildStatus:
         Touching "Debug\Retro Girl Saves Pixel Boy.unsuccessfulbuild".
       ClCompile:
         All outputs are up-to-date.
       Link:
         c:\Program Files (x86)\Microsoft Visual Studio 10.0\VC\bin\link.exe /ERRORREPORT:PROMPT /OUT:"C:\Users\Bennettbugs\Game_Development\Retro Girl Saves Pixel Boy\Debug\Retro Girl Saves Pixel Boy.exe" /NOLOGO kernel32.lib user32.lib gdi32.lib winspool.lib comdlg32.lib advapi32.lib shell32.lib ole32.lib oleaut32.lib uuid.lib odbc32.lib odbccp32.lib /MANIFEST /ManifestFile:"Debug\Retro Girl Saves Pixel Boy.exe.intermediate.manifest" /MANIFESTUAC:"level='asInvoker' uiAccess='false'" /DEBUG /PDB:"C:\Users\Bennettbugs\Game_Development\Retro Girl Saves Pixel Boy\Debug\Retro Girl Saves Pixel Boy.pdb" /TLBID:1 /DYNAMICBASE /NXCOMPAT /IMPLIB:"C:\Users\Bennettbugs\Game_Development\Retro Girl Saves Pixel Boy\Debug\Retro Girl Saves Pixel Boy.lib" /MACHINE:X86 Debug\main.obj
         Debug\App.obj
         Debug\Game.obj
         Debug\Game_Conv.obj
         Debug\Game_Events.obj
         Debug\Items.obj
         Debug\Map_Code.obj
         Debug\Menu.obj
         Debug\Physics.obj
         Debug\Resources.obj
         SOIL.lib(SOIL.obj) : MSIL .netmodule or module compiled with /GL found; restarting link with /LTCG; add /LTCG to the link command line to improve linker performance
     1>libcpmtd.lib(xdebug.obj) : warning LNK4098: defaultlib 'libcmt.lib' conflicts with use of other libs; use /NODEFAULTLIB:library
         Generating code
         Finished generating code
     1>SOIL.lib(SOIL.obj) : warning LNK4099: PDB 'vc100.pdb' was not found with 'SOIL.lib(SOIL.obj)' or at 'C:\Users\Bennettbugs\Game_Development\Retro Girl Saves Pixel Boy\Debug\vc100.pdb'; linking object as if no debug info
     1>SOIL.lib(stb_image_aug.obj) : warning LNK4099: PDB 'vc100.pdb' was not found with 'SOIL.lib(stb_image_aug.obj)' or at 'C:\Users\Bennettbugs\Game_Development\Retro Girl Saves Pixel Boy\Debug\vc100.pdb'; linking object as if no debug info
     1>SOIL.lib(image_helper.obj) : warning LNK4099: PDB 'vc100.pdb' was not found with 'SOIL.lib(image_helper.obj)' or at 'C:\Users\Bennettbugs\Game_Development\Retro Girl Saves Pixel Boy\Debug\vc100.pdb'; linking object as if no debug info
     1>SOIL.lib(image_DXT.obj) : warning LNK4099: PDB 'vc100.pdb' was not found with 'SOIL.lib(image_DXT.obj)' or at 'C:\Users\Bennettbugs\Game_Development\Retro Girl Saves Pixel Boy\Debug\vc100.pdb'; linking object as if no debug info
         Retro Girl Saves Pixel Boy.vcxproj -> C:\Users\Bennettbugs\Game_Development\Retro Girl Saves Pixel Boy\Debug\Retro Girl Saves Pixel Boy.exe
       Manifest:
         c:\Program Files (x86)\Microsoft Visual Studio 10.0\VC\bin\mt.exe /nologo /verbose /outputresource:"C:\Users\Bennettbugs\Game_Development\Retro Girl Saves Pixel Boy\Debug\Retro Girl Saves Pixel Boy.exe;#1" /manifest "Debug\Retro Girl Saves Pixel Boy.exe.intermediate.manifest"
       FinalizeBuildStatus:
         Deleting file "Debug\Retro Girl Saves Pixel Boy.unsuccessfulbuild".
         Touching "Debug\Retro Girl Saves Pixel Boy.lastbuildstate".
     1>Done Building Project "C:\Users\Bennettbugs\Game_Development\Retro Girl Saves Pixel Boy\Retro Girl Saves Pixel Boy\Retro Girl Saves Pixel Boy.vcxproj" (build target(s)).

Build succeeded.

Time Elapsed 00:00:02.58
