C:\USERS\BENNETTBUGS\GAME_DEVELOPMENT\RETRO GIRL SAVES PIXEL BOY\DEBUG\RETRO GIRL SAVES PIXEL BOY.EXE
C:\Users\Bennettbugs\Game_Development\Retro Girl Saves Pixel Boy\Debug\Retro Girl Saves Pixel Boy.pdb
C:\USERS\BENNETTBUGS\GAME_DEVELOPMENT\RETRO GIRL SAVES PIXEL BOY\RETRO GIRL SAVES PIXEL BOY\DEBUG\APP.OBJ
C:\Users\Bennettbugs\Game_Development\Retro Girl Saves Pixel Boy\Retro Girl Saves Pixel Boy\Debug\cl.command.1.tlog
C:\Users\Bennettbugs\Game_Development\Retro Girl Saves Pixel Boy\Retro Girl Saves Pixel Boy\Debug\CL.read.1.tlog
C:\Users\Bennettbugs\Game_Development\Retro Girl Saves Pixel Boy\Retro Girl Saves Pixel Boy\Debug\CL.write.1.tlog
C:\USERS\BENNETTBUGS\GAME_DEVELOPMENT\RETRO GIRL SAVES PIXEL BOY\RETRO GIRL SAVES PIXEL BOY\DEBUG\GAME.OBJ
C:\USERS\BENNETTBUGS\GAME_DEVELOPMENT\RETRO GIRL SAVES PIXEL BOY\RETRO GIRL SAVES PIXEL BOY\DEBUG\GAME_CONV.OBJ
C:\USERS\BENNETTBUGS\GAME_DEVELOPMENT\RETRO GIRL SAVES PIXEL BOY\RETRO GIRL SAVES PIXEL BOY\DEBUG\GAME_EVENTS.OBJ
C:\USERS\BENNETTBUGS\GAME_DEVELOPMENT\RETRO GIRL SAVES PIXEL BOY\RETRO GIRL SAVES PIXEL BOY\DEBUG\ITEMS.OBJ
C:\Users\Bennettbugs\Game_Development\Retro Girl Saves Pixel Boy\Retro Girl Saves Pixel Boy\Debug\link.10208.read.1.tlog
C:\Users\Bennettbugs\Game_Development\Retro Girl Saves Pixel Boy\Retro Girl Saves Pixel Boy\Debug\link.10208.write.1.tlog
C:\Users\Bennettbugs\Game_Development\Retro Girl Saves Pixel Boy\Retro Girl Saves Pixel Boy\Debug\link.10268.read.1.tlog
C:\Users\Bennettbugs\Game_Development\Retro Girl Saves Pixel Boy\Retro Girl Saves Pixel Boy\Debug\link.10268.write.1.tlog
C:\Users\Bennettbugs\Game_Development\Retro Girl Saves Pixel Boy\Retro Girl Saves Pixel Boy\Debug\link.10556.read.1.tlog
C:\Users\Bennettbugs\Game_Development\Retro Girl Saves Pixel Boy\Retro Girl Saves Pixel Boy\Debug\link.10556.write.1.tlog
C:\Users\Bennettbugs\Game_Development\Retro Girl Saves Pixel Boy\Retro Girl Saves Pixel Boy\Debug\link.10920.read.1.tlog
C:\Users\Bennettbugs\Game_Development\Retro Girl Saves Pixel Boy\Retro Girl Saves Pixel Boy\Debug\link.10920.write.1.tlog
C:\Users\Bennettbugs\Game_Development\Retro Girl Saves Pixel Boy\Retro Girl Saves Pixel Boy\Debug\link.10996.read.1.tlog
C:\Users\Bennettbugs\Game_Development\Retro Girl Saves Pixel Boy\Retro Girl Saves Pixel Boy\Debug\link.10996.write.1.tlog
C:\Users\Bennettbugs\Game_Development\Retro Girl Saves Pixel Boy\Retro Girl Saves Pixel Boy\Debug\link.11232.read.1.tlog
C:\Users\Bennettbugs\Game_Development\Retro Girl Saves Pixel Boy\Retro Girl Saves Pixel Boy\Debug\link.11232.write.1.tlog
C:\Users\Bennettbugs\Game_Development\Retro Girl Saves Pixel Boy\Retro Girl Saves Pixel Boy\Debug\link.11348.read.1.tlog
C:\Users\Bennettbugs\Game_Development\Retro Girl Saves Pixel Boy\Retro Girl Saves Pixel Boy\Debug\link.11348.write.1.tlog
C:\Users\Bennettbugs\Game_Development\Retro Girl Saves Pixel Boy\Retro Girl Saves Pixel Boy\Debug\link.11524.read.1.tlog
C:\Users\Bennettbugs\Game_Development\Retro Girl Saves Pixel Boy\Retro Girl Saves Pixel Boy\Debug\link.11524.write.1.tlog
C:\Users\Bennettbugs\Game_Development\Retro Girl Saves Pixel Boy\Retro Girl Saves Pixel Boy\Debug\link.12036.read.1.tlog
C:\Users\Bennettbugs\Game_Development\Retro Girl Saves Pixel Boy\Retro Girl Saves Pixel Boy\Debug\link.12036.write.1.tlog
C:\Users\Bennettbugs\Game_Development\Retro Girl Saves Pixel Boy\Retro Girl Saves Pixel Boy\Debug\link.12488.read.1.tlog
C:\Users\Bennettbugs\Game_Development\Retro Girl Saves Pixel Boy\Retro Girl Saves Pixel Boy\Debug\link.12488.write.1.tlog
C:\Users\Bennettbugs\Game_Development\Retro Girl Saves Pixel Boy\Retro Girl Saves Pixel Boy\Debug\link.12704.read.1.tlog
C:\Users\Bennettbugs\Game_Development\Retro Girl Saves Pixel Boy\Retro Girl Saves Pixel Boy\Debug\link.12704.write.1.tlog
C:\Users\Bennettbugs\Game_Development\Retro Girl Saves Pixel Boy\Retro Girl Saves Pixel Boy\Debug\link.12892.read.1.tlog
C:\Users\Bennettbugs\Game_Development\Retro Girl Saves Pixel Boy\Retro Girl Saves Pixel Boy\Debug\link.12892.write.1.tlog
C:\Users\Bennettbugs\Game_Development\Retro Girl Saves Pixel Boy\Retro Girl Saves Pixel Boy\Debug\link.13044.read.1.tlog
C:\Users\Bennettbugs\Game_Development\Retro Girl Saves Pixel Boy\Retro Girl Saves Pixel Boy\Debug\link.13044.write.1.tlog
C:\Users\Bennettbugs\Game_Development\Retro Girl Saves Pixel Boy\Retro Girl Saves Pixel Boy\Debug\link.2908.read.1.tlog
C:\Users\Bennettbugs\Game_Development\Retro Girl Saves Pixel Boy\Retro Girl Saves Pixel Boy\Debug\link.2908.write.1.tlog
C:\Users\Bennettbugs\Game_Development\Retro Girl Saves Pixel Boy\Retro Girl Saves Pixel Boy\Debug\link.5132.read.1.tlog
C:\Users\Bennettbugs\Game_Development\Retro Girl Saves Pixel Boy\Retro Girl Saves Pixel Boy\Debug\link.5132.write.1.tlog
C:\Users\Bennettbugs\Game_Development\Retro Girl Saves Pixel Boy\Retro Girl Saves Pixel Boy\Debug\link.5932.read.1.tlog
C:\Users\Bennettbugs\Game_Development\Retro Girl Saves Pixel Boy\Retro Girl Saves Pixel Boy\Debug\link.5932.write.1.tlog
C:\Users\Bennettbugs\Game_Development\Retro Girl Saves Pixel Boy\Retro Girl Saves Pixel Boy\Debug\link.7712.read.1.tlog
C:\Users\Bennettbugs\Game_Development\Retro Girl Saves Pixel Boy\Retro Girl Saves Pixel Boy\Debug\link.7712.write.1.tlog
C:\Users\Bennettbugs\Game_Development\Retro Girl Saves Pixel Boy\Retro Girl Saves Pixel Boy\Debug\link.9124.read.1.tlog
C:\Users\Bennettbugs\Game_Development\Retro Girl Saves Pixel Boy\Retro Girl Saves Pixel Boy\Debug\link.9124.write.1.tlog
C:\Users\Bennettbugs\Game_Development\Retro Girl Saves Pixel Boy\Retro Girl Saves Pixel Boy\Debug\link.9496.read.1.tlog
C:\Users\Bennettbugs\Game_Development\Retro Girl Saves Pixel Boy\Retro Girl Saves Pixel Boy\Debug\link.9496.write.1.tlog
C:\Users\Bennettbugs\Game_Development\Retro Girl Saves Pixel Boy\Retro Girl Saves Pixel Boy\Debug\link.9720.read.1.tlog
C:\Users\Bennettbugs\Game_Development\Retro Girl Saves Pixel Boy\Retro Girl Saves Pixel Boy\Debug\link.9720.write.1.tlog
C:\Users\Bennettbugs\Game_Development\Retro Girl Saves Pixel Boy\Retro Girl Saves Pixel Boy\Debug\link.command.1.tlog
C:\Users\Bennettbugs\Game_Development\Retro Girl Saves Pixel Boy\Retro Girl Saves Pixel Boy\Debug\link.read.1.tlog
C:\Users\Bennettbugs\Game_Development\Retro Girl Saves Pixel Boy\Retro Girl Saves Pixel Boy\Debug\link.write.1.tlog
C:\USERS\BENNETTBUGS\GAME_DEVELOPMENT\RETRO GIRL SAVES PIXEL BOY\RETRO GIRL SAVES PIXEL BOY\DEBUG\MAIN.OBJ
C:\USERS\BENNETTBUGS\GAME_DEVELOPMENT\RETRO GIRL SAVES PIXEL BOY\RETRO GIRL SAVES PIXEL BOY\DEBUG\MAP_CODE.OBJ
C:\USERS\BENNETTBUGS\GAME_DEVELOPMENT\RETRO GIRL SAVES PIXEL BOY\RETRO GIRL SAVES PIXEL BOY\DEBUG\MENU.OBJ
C:\Users\Bennettbugs\Game_Development\Retro Girl Saves Pixel Boy\Retro Girl Saves Pixel Boy\Debug\mt.command.1.tlog
C:\Users\Bennettbugs\Game_Development\Retro Girl Saves Pixel Boy\Retro Girl Saves Pixel Boy\Debug\mt.read.1.tlog
C:\Users\Bennettbugs\Game_Development\Retro Girl Saves Pixel Boy\Retro Girl Saves Pixel Boy\Debug\mt.write.1.tlog
C:\USERS\BENNETTBUGS\GAME_DEVELOPMENT\RETRO GIRL SAVES PIXEL BOY\RETRO GIRL SAVES PIXEL BOY\DEBUG\PHYSICS.OBJ
C:\USERS\BENNETTBUGS\GAME_DEVELOPMENT\RETRO GIRL SAVES PIXEL BOY\RETRO GIRL SAVES PIXEL BOY\DEBUG\RESOURCES.OBJ
C:\Users\Bennettbugs\Game_Development\Retro Girl Saves Pixel Boy\Retro Girl Saves Pixel Boy\Debug\Retro Girl Saves Pixel Boy.exe.intermediate.manifest
C:\Users\Bennettbugs\Game_Development\Retro Girl Saves Pixel Boy\Retro Girl Saves Pixel Boy\Debug\vc100.idb
C:\USERS\BENNETTBUGS\GAME_DEVELOPMENT\RETRO GIRL SAVES PIXEL BOY\RETRO GIRL SAVES PIXEL BOY\DEBUG\VC100.PDB
