Build started 5/27/2013 9:12:06 AM.
     1>Project "C:\Users\Bennettbugs\Game_Development\Retro Girl Saves Pixel Boy\Retro Girl Saves Pixel Boy\Retro Girl Saves Pixel Boy.vcxproj" on node 2 (build target(s)).
     1>InitializeBuildStatus:
         Creating "Release\Retro Girl Saves Pixel Boy.unsuccessfulbuild" because "AlwaysCreate" was specified.
       ClCompile:
         c:\Program Files (x86)\Microsoft Visual Studio 10.0\VC\bin\CL.exe /c /Zi /nologo /W3 /WX- /O2 /Oi /Oy- /GL /D _MBCS /Gm- /EHsc /MT /GS /Gy /fp:precise /Zc:wchar_t /Zc:forScope /Fo"Release\\" /Fd"Release\vc100.pdb" /Gd /TP /analyze- /errorReport:prompt source\Game.cpp
         Game.cpp
     1>source\Game.cpp(73): warning C4244: 'initializing' : conversion from 'int' to 'float', possible loss of data
     1>source\Game.cpp(74): warning C4244: 'initializing' : conversion from 'int' to 'float', possible loss of data
     1>source\Game.cpp(172): warning C4244: '-=' : conversion from 'double' to 'float', possible loss of data
     1>source\Game.cpp(297): warning C4244: 'initializing' : conversion from 'float' to 'int', possible loss of data
     1>source\Game.cpp(297): warning C4244: 'initializing' : conversion from 'float' to 'int', possible loss of data
     1>source\Game.cpp(317): warning C4244: 'initializing' : conversion from 'int' to 'float', possible loss of data
     1>source\Game.cpp(318): warning C4244: 'initializing' : conversion from 'int' to 'float', possible loss of data
     1>source\Game.cpp(390): warning C4244: 'argument' : conversion from 'unsigned int' to 'GLfloat', possible loss of data
     1>source\Game.cpp(391): warning C4244: 'argument' : conversion from 'unsigned int' to 'GLfloat', possible loss of data
     1>source\Game.cpp(392): warning C4244: 'argument' : conversion from 'unsigned int' to 'GLfloat', possible loss of data
     1>source\Game.cpp(393): warning C4244: 'argument' : conversion from 'unsigned int' to 'GLfloat', possible loss of data
     1>source\Game.cpp(420): warning C4244: '-=' : conversion from 'double' to 'float', possible loss of data
     1>source\Game.cpp(441): warning C4244: '-=' : conversion from 'double' to 'float', possible loss of data
     1>source\Game.cpp(444): warning C4244: '+=' : conversion from 'double' to 'float', possible loss of data
     1>source\Game.cpp(447): warning C4244: '-=' : conversion from 'double' to 'float', possible loss of data
     1>source\Game.cpp(450): warning C4244: '+=' : conversion from 'double' to 'float', possible loss of data
     1>source\Game.cpp(481): warning C4244: 'initializing' : conversion from 'float' to 'uint', possible loss of data
     1>source\Game.cpp(481): warning C4244: 'initializing' : conversion from 'float' to 'uint', possible loss of data
     1>source\Game.cpp(598): warning C4390: ';' : empty controlled statement found; is this the intent?
     1>source\Game.cpp(624): warning C4996: 'itoa': The POSIX name for this item is deprecated. Instead, use the ISO C++ conformant name: _itoa. See online help for details.
                 c:\Program Files (x86)\Microsoft Visual Studio 10.0\VC\include\stdlib.h(867) : see declaration of 'itoa'
     1>source\Game.cpp(627): warning C4996: 'itoa': The POSIX name for this item is deprecated. Instead, use the ISO C++ conformant name: _itoa. See online help for details.
                 c:\Program Files (x86)\Microsoft Visual Studio 10.0\VC\include\stdlib.h(867) : see declaration of 'itoa'
     1>source\Game.cpp(636): warning C4996: 'itoa': The POSIX name for this item is deprecated. Instead, use the ISO C++ conformant name: _itoa. See online help for details.
                 c:\Program Files (x86)\Microsoft Visual Studio 10.0\VC\include\stdlib.h(867) : see declaration of 'itoa'
       Link:
         c:\Program Files (x86)\Microsoft Visual Studio 10.0\VC\bin\link.exe /ERRORREPORT:PROMPT /OUT:"C:\Users\Bennettbugs\Game_Development\Retro Girl Saves Pixel Boy\Release\Retro Girl Saves Pixel Boy.exe" /NOLOGO kernel32.lib user32.lib gdi32.lib winspool.lib comdlg32.lib advapi32.lib shell32.lib ole32.lib oleaut32.lib uuid.lib odbc32.lib odbccp32.lib /MANIFEST /ManifestFile:"Release\Retro Girl Saves Pixel Boy.exe.intermediate.manifest" /MANIFESTUAC:"level='asInvoker' uiAccess='false'" /DEBUG /PDB:"C:\Users\Bennettbugs\Game_Development\Retro Girl Saves Pixel Boy\Release\Retro Girl Saves Pixel Boy.pdb" /OPT:REF /OPT:ICF /LTCG /TLBID:1 /DYNAMICBASE /NXCOMPAT /IMPLIB:"C:\Users\Bennettbugs\Game_Development\Retro Girl Saves Pixel Boy\Release\Retro Girl Saves Pixel Boy.lib" /MACHINE:X86 Release\main.obj
         Release\App.obj
         Release\Game.obj
         Release\Game_Conv.obj
         Release\Game_Events.obj
         Release\Items.obj
         Release\Map_Code.obj
         Release\Menu.obj
         Release\Physics.obj
         Release\Resources.obj
         Generating code
     1>c:\users\bennettbugs\game_development\retro girl saves pixel boy\retro girl saves pixel boy\source\game.cpp(267): warning C4715: 'RGSPB_Game::nnGame::Initialize' : not all control paths return a value
         Finished generating code
     1>SOIL.lib(SOIL.obj) : warning LNK4099: PDB 'vc100.pdb' was not found with 'SOIL.lib(SOIL.obj)' or at 'C:\Users\Bennettbugs\Game_Development\Retro Girl Saves Pixel Boy\Release\vc100.pdb'; linking object as if no debug info
     1>SOIL.lib(stb_image_aug.obj) : warning LNK4099: PDB 'vc100.pdb' was not found with 'SOIL.lib(stb_image_aug.obj)' or at 'C:\Users\Bennettbugs\Game_Development\Retro Girl Saves Pixel Boy\Release\vc100.pdb'; linking object as if no debug info
     1>SOIL.lib(image_helper.obj) : warning LNK4099: PDB 'vc100.pdb' was not found with 'SOIL.lib(image_helper.obj)' or at 'C:\Users\Bennettbugs\Game_Development\Retro Girl Saves Pixel Boy\Release\vc100.pdb'; linking object as if no debug info
     1>SOIL.lib(image_DXT.obj) : warning LNK4099: PDB 'vc100.pdb' was not found with 'SOIL.lib(image_DXT.obj)' or at 'C:\Users\Bennettbugs\Game_Development\Retro Girl Saves Pixel Boy\Release\vc100.pdb'; linking object as if no debug info
         Retro Girl Saves Pixel Boy.vcxproj -> C:\Users\Bennettbugs\Game_Development\Retro Girl Saves Pixel Boy\Release\Retro Girl Saves Pixel Boy.exe
       Manifest:
         c:\Program Files (x86)\Microsoft Visual Studio 10.0\VC\bin\mt.exe /nologo /verbose /outputresource:"C:\Users\Bennettbugs\Game_Development\Retro Girl Saves Pixel Boy\Release\Retro Girl Saves Pixel Boy.exe;#1" /manifest "Release\Retro Girl Saves Pixel Boy.exe.intermediate.manifest"
       FinalizeBuildStatus:
         Deleting file "Release\Retro Girl Saves Pixel Boy.unsuccessfulbuild".
         Touching "Release\Retro Girl Saves Pixel Boy.lastbuildstate".
     1>Done Building Project "C:\Users\Bennettbugs\Game_Development\Retro Girl Saves Pixel Boy\Retro Girl Saves Pixel Boy\Retro Girl Saves Pixel Boy.vcxproj" (build target(s)).

Build succeeded.

Time Elapsed 00:00:09.87
